# JRE version: OpenJDK Runtime Environment (8.0_265-b01) (build 1.8.0_265-b01)
# Java VM: OpenJDK 64-Bit Server VM (25.265-b01 mixed mode bsd-amd64 compressed oops)
Heap:
 PSYoungGen      total 321024K, used 141711K [0x00000007aab00000, 0x00000007c0000000, 0x00000007c0000000)
  eden space 292864K, 48% used [0x00000007aab00000,0x00000007b3563fb8,0x00000007bc900000)
  from space 28160K, 0% used [0x00000007bc900000,0x00000007bc900000,0x00000007be480000)
  to   space 27136K, 0% used [0x00000007be580000,0x00000007be580000,0x00000007c0000000)
 ParOldGen       total 213504K, used 29952K [0x0000000780000000, 0x000000078d080000, 0x00000007aab00000)
  object space 213504K, 14% used [0x0000000780000000,0x0000000781d401b8,0x000000078d080000)
 Metaspace       used 99127K, capacity 111736K, committed 112472K, reserved 1146880K
  class space    used 14098K, capacity 15312K, committed 15488K, reserved 1048576K
GC Heap History (10 events):
Event: 1405.138 GC heap before
{Heap before GC invocations=14 (full 4):
 PSYoungGen      total 288256K, used 266751K [0x00000007aab00000, 0x00000007c0000000, 0x00000007c0000000)
  eden space 266752K, 99% used [0x00000007aab00000,0x00000007baf7fc08,0x00000007baf80000)
  from space 21504K, 0% used [0x00000007baf80000,0x00000007baf80000,0x00000007bc480000)
  to   space 23040K, 0% used [0x00000007be980000,0x00000007be980000,0x00000007c0000000)
 ParOldGen       total 213504K, used 29755K [0x0000000780000000, 0x000000078d080000, 0x00000007aab00000)
  object space 213504K, 13% used [0x0000000780000000,0x0000000781d0ed50,0x000000078d080000)
 Metaspace       used 94950K, capacity 105782K, committed 105816K, reserved 1140736K
  class space    used 13479K, capacity 14445K, committed 14464K, reserved 1048576K
Event: 1405.148 GC heap after
Heap after GC invocations=14 (full 4):
 PSYoungGen      total 326144K, used 15110K [0x00000007aab00000, 0x00000007c0000000, 0x00000007c0000000)
  eden space 303104K, 0% used [0x00000007aab00000,0x00000007aab00000,0x00000007bd300000)
  from space 23040K, 65% used [0x00000007be980000,0x00000007bf8419a8,0x00000007c0000000)
  to   space 23040K, 0% used [0x00000007bd300000,0x00000007bd300000,0x00000007be980000)
 ParOldGen       total 213504K, used 29763K [0x0000000780000000, 0x000000078d080000, 0x00000007aab00000)
  object space 213504K, 13% used [0x0000000780000000,0x0000000781d10d50,0x000000078d080000)
 Metaspace       used 94950K, capacity 105782K, committed 105816K, reserved 1140736K
  class space    used 13479K, capacity 14445K, committed 14464K, reserved 1048576K
}
Event: 1570.675 GC heap before
{Heap before GC invocations=15 (full 4):
 PSYoungGen      total 326144K, used 318214K [0x00000007aab00000, 0x00000007c0000000, 0x00000007c0000000)
  eden space 303104K, 100% used [0x00000007aab00000,0x00000007bd300000,0x00000007bd300000)
  from space 23040K, 65% used [0x00000007be980000,0x00000007bf8419a8,0x00000007c0000000)
  to   space 23040K, 0% used [0x00000007bd300000,0x00000007bd300000,0x00000007be980000)
 ParOldGen       total 213504K, used 29763K [0x0000000780000000, 0x000000078d080000, 0x00000007aab00000)
  object space 213504K, 13% used [0x0000000780000000,0x0000000781d10d50,0x000000078d080000)
 Metaspace       used 97586K, capacity 109328K, committed 109400K, reserved 1144832K
  class space    used 13873K, capacity 14942K, committed 14976K, reserved 1048576K
Event: 1570.706 GC heap after
Heap after GC invocations=15 (full 4):
 PSYoungGen      total 326144K, used 23026K [0x00000007aab00000, 0x00000007c0000000, 0x00000007c0000000)
  eden space 303104K, 0% used [0x00000007aab00000,0x00000007aab00000,0x00000007bd300000)
  from space 23040K, 99% used [0x00000007bd300000,0x00000007be97ca08,0x00000007be980000)
  to   space 23040K, 0% used [0x00000007be980000,0x00000007be980000,0x00000007c0000000)
 ParOldGen       total 213504K, used 38130K [0x0000000780000000, 0x000000078d080000, 0x00000007aab00000)
  object space 213504K, 17% used [0x0000000780000000,0x000000078253c990,0x000000078d080000)
 Metaspace       used 97586K, capacity 109328K, committed 109400K, reserved 1144832K
  class space    used 13873K, capacity 14942K, committed 14976K, reserved 1048576K
}
Event: 1603.412 GC heap before
{Heap before GC invocations=16 (full 4):
 PSYoungGen      total 326144K, used 326130K [0x00000007aab00000, 0x00000007c0000000, 0x00000007c0000000)
  eden space 303104K, 100% used [0x00000007aab00000,0x00000007bd300000,0x00000007bd300000)
  from space 23040K, 99% used [0x00000007bd300000,0x00000007be97ca08,0x00000007be980000)
  to   space 23040K, 0% used [0x00000007be980000,0x00000007be980000,0x00000007c0000000)
 ParOldGen       total 213504K, used 38130K [0x0000000780000000, 0x000000078d080000, 0x00000007aab00000)
  object space 213504K, 17% used [0x0000000780000000,0x000000078253c990,0x000000078d080000)
 Metaspace       used 98955K, capacity 111868K, committed 112216K, reserved 1146880K
  class space    used 14120K, capacity 15379K, committed 15488K, reserved 1048576K
Event: 1603.428 GC heap after
Heap after GC invocations=16 (full 4):
 PSYoungGen      total 315904K, used 12255K [0x00000007aab00000, 0x00000007c0000000, 0x00000007c0000000)
  eden space 292864K, 0% used [0x00000007aab00000,0x00000007aab00000,0x00000007bc900000)
  from space 23040K, 53% used [0x00000007be980000,0x00000007bf577f38,0x00000007c0000000)
  to   space 28160K, 0% used [0x00000007bc900000,0x00000007bc900000,0x00000007be480000)
 ParOldGen       total 213504K, used 38138K [0x0000000780000000, 0x000000078d080000, 0x00000007aab00000)
  object space 213504K, 17% used [0x0000000780000000,0x000000078253e990,0x000000078d080000)
 Metaspace       used 98955K, capacity 111868K, committed 112216K, reserved 1146880K
  class space    used 14120K, capacity 15379K, committed 15488K, reserved 1048576K
}
Event: 1813.080 GC heap before
{Heap before GC invocations=17 (full 4):
 PSYoungGen      total 315904K, used 34512K [0x00000007aab00000, 0x00000007c0000000, 0x00000007c0000000)
  eden space 292864K, 7% used [0x00000007aab00000,0x00000007ac0bc3d0,0x00000007bc900000)
  from space 23040K, 53% used [0x00000007be980000,0x00000007bf577f38,0x00000007c0000000)
  to   space 28160K, 0% used [0x00000007bc900000,0x00000007bc900000,0x00000007be480000)
 ParOldGen       total 213504K, used 38138K [0x0000000780000000, 0x000000078d080000, 0x00000007aab00000)
  object space 213504K, 17% used [0x0000000780000000,0x000000078253e990,0x000000078d080000)
 Metaspace       used 98989K, capacity 111868K, committed 112216K, reserved 1146880K
  class space    used 14120K, capacity 15379K, committed 15488K, reserved 1048576K
Event: 1813.106 GC heap after
Heap after GC invocations=17 (full 4):
 PSYoungGen      total 321024K, used 9286K [0x00000007aab00000, 0x00000007c0000000, 0x00000007c0000000)
  eden space 292864K, 0% used [0x00000007aab00000,0x00000007aab00000,0x00000007bc900000)
  from space 28160K, 32% used [0x00000007bc900000,0x00000007bd211a60,0x00000007be480000)
  to   space 27136K, 0% used [0x00000007be580000,0x00000007be580000,0x00000007c0000000)
 ParOldGen       total 213504K, used 38146K [0x0000000780000000, 0x000000078d080000, 0x00000007aab00000)
  object space 213504K, 17% used [0x0000000780000000,0x0000000782540990,0x000000078d080000)
 Metaspace       used 98989K, capacity 111868K, committed 112216K, reserved 1146880K
  class space    used 14120K, capacity 15379K, committed 15488K, reserved 1048576K
}
Event: 1813.106 GC heap before
{Heap before GC invocations=18 (full 5):
 PSYoungGen      total 321024K, used 9286K [0x00000007aab00000, 0x00000007c0000000, 0x00000007c0000000)
  eden space 292864K, 0% used [0x00000007aab00000,0x00000007aab00000,0x00000007bc900000)
  from space 28160K, 32% used [0x00000007bc900000,0x00000007bd211a60,0x00000007be480000)
  to   space 27136K, 0% used [0x00000007be580000,0x00000007be580000,0x00000007c0000000)
 ParOldGen       total 213504K, used 38146K [0x0000000780000000, 0x000000078d080000, 0x00000007aab00000)
  object space 213504K, 17% used [0x0000000780000000,0x0000000782540990,0x000000078d080000)
 Metaspace       used 98989K, capacity 111868K, committed 112216K, reserved 1146880K
  class space    used 14120K, capacity 15379K, committed 15488K, reserved 1048576K
Event: 1813.438 GC heap after
Heap after GC invocations=18 (full 5):
 PSYoungGen      total 321024K, used 0K [0x00000007aab00000, 0x00000007c0000000, 0x00000007c0000000)
  eden space 292864K, 0% used [0x00000007aab00000,0x00000007aab00000,0x00000007bc900000)
  from space 28160K, 0% used [0x00000007bc900000,0x00000007bc900000,0x00000007be480000)
  to   space 27136K, 0% used [0x00000007be580000,0x00000007be580000,0x00000007c0000000)
 ParOldGen       total 213504K, used 29952K [0x0000000780000000, 0x000000078d080000, 0x00000007aab00000)
  object space 213504K, 14% used [0x0000000780000000,0x0000000781d401b8,0x000000078d080000)
 Metaspace       used 98526K, capacity 110686K, committed 112216K, reserved 1146880K
  class space    used 13983K, capacity 15128K, committed 15488K, reserved 1048576K
}

